<?xml version="1.0" encoding="UTF-8"?>
<testng-results ignored="0" total="1" passed="1" failed="0" skipped="0">
  <reporter-output>
  </reporter-output>
  <suite started-at="2021-09-27T07:48:05 IST" name="Default suite" finished-at="2021-09-27T07:49:06 IST" duration-ms="60458">
    <groups>
    </groups>
    <test started-at="2021-09-27T07:48:05 IST" name="Default test" finished-at="2021-09-27T07:49:06 IST" duration-ms="60458">
      <class name="com.mindtree.runner.TestRunner">
        <test-method is-config="true" signature="load_browser()[pri:0, instance:com.mindtree.runner.TestRunner@e8df99a]" started-at="2021-09-27T07:48:05 IST" name="load_browser" finished-at="2021-09-27T07:48:19 IST" duration-ms="13687" status="PASS">
          <reporter-output>
          </reporter-output>
        </test-method> <!-- load_browser -->
        <test-method signature="android_app()[pri:9, instance:com.mindtree.runner.TestRunner@e8df99a]" started-at="2021-09-27T07:48:19 IST" name="android_app" finished-at="2021-09-27T07:49:05 IST" duration-ms="45699" status="PASS">
          <reporter-output>
          </reporter-output>
        </test-method> <!-- android_app -->
        <test-method is-config="true" signature="close_browser()[pri:0, instance:com.mindtree.runner.TestRunner@e8df99a]" started-at="2021-09-27T07:49:05 IST" name="close_browser" finished-at="2021-09-27T07:49:06 IST" duration-ms="1004" status="PASS">
          <reporter-output>
          </reporter-output>
        </test-method> <!-- close_browser -->
      </class> <!-- com.mindtree.runner.TestRunner -->
    </test> <!-- Default test -->
  </suite> <!-- Default suite -->
</testng-results>
